[debug] [2025-03-10T00:32:03.604Z] ----------------------------------------------------------------------
[debug] [2025-03-10T00:32:03.607Z] Command:       C:\Program Files\nodejs\node.exe C:\Users\Top\AppData\Roaming\npm\node_modules\firebase-tools\lib\bin\firebase.js init hosting
[debug] [2025-03-10T00:32:03.607Z] CLI Version:   13.33.0
[debug] [2025-03-10T00:32:03.607Z] Platform:      win32
[debug] [2025-03-10T00:32:03.607Z] Node Version:  v22.14.0
[debug] [2025-03-10T00:32:03.608Z] Time:          Mon Mar 10 2025 02:32:03 GMT+0200 (توقيت شرق أوروبا الرسمي)
[debug] [2025-03-10T00:32:03.608Z] ----------------------------------------------------------------------
[debug] 
[debug] [2025-03-10T00:32:03.835Z] > command requires scopes: ["email","openid","https://www.googleapis.com/auth/cloudplatformprojects.readonly","https://www.googleapis.com/auth/firebase","https://www.googleapis.com/auth/cloud-platform"]
[debug] [2025-03-10T00:32:03.836Z] > authorizing via signed-in user (fatoomwe76@gmail.com)
[info] 
     ######## #### ########  ######## ########     ###     ######  ########
     ##        ##  ##     ## ##       ##     ##  ##   ##  ##       ##
     ######    ##  ########  ######   ########  #########  ######  ######
     ##        ##  ##    ##  ##       ##     ## ##     ##       ## ##
     ##       #### ##     ## ######## ########  ##     ##  ######  ########

You're about to initialize a Firebase project in this directory:

  C:\Users\Top\Desktop\Louverprojectfinal220192142fatima

Before we get started, keep in mind:

  * You are initializing within an existing Firebase project directory

[info] 
=== Project Setup
[info] 
[info] First, let's associate this project directory with a Firebase project.
[info] You can create multiple project aliases by running firebase use --add, 
[info] but for now we'll just set up a default project.
[info] 
[debug] [2025-03-10T00:32:15.651Z] Using project from CLI flag: louver3dfinal
[debug] [2025-03-10T00:32:15.653Z] Checked if tokens are valid: true, expires at: 1741570285852
[debug] [2025-03-10T00:32:15.653Z] Checked if tokens are valid: true, expires at: 1741570285852
[debug] [2025-03-10T00:32:15.655Z] >>> [apiv2][query] GET https://firebase.googleapis.com/v1beta1/projects/louver3dfinal [none]
[debug] [2025-03-10T00:32:16.227Z] <<< [apiv2][status] GET https://firebase.googleapis.com/v1beta1/projects/louver3dfinal 403
[debug] [2025-03-10T00:32:16.227Z] <<< [apiv2][body] GET https://firebase.googleapis.com/v1beta1/projects/louver3dfinal {"error":{"code":403,"message":"The caller does not have permission","status":"PERMISSION_DENIED"}}
[debug] [2025-03-10T00:32:16.229Z] Request to https://firebase.googleapis.com/v1beta1/projects/louver3dfinal had HTTP Error: 403, The caller does not have permission
[debug] [2025-03-10T00:32:16.497Z] FirebaseError: Request to https://firebase.googleapis.com/v1beta1/projects/louver3dfinal had HTTP Error: 403, The caller does not have permission
    at responseToError (C:\Users\Top\AppData\Roaming\npm\node_modules\firebase-tools\lib\responseToError.js:52:12)
    at RetryOperation._fn (C:\Users\Top\AppData\Roaming\npm\node_modules\firebase-tools\lib\apiv2.js:312:77)
    at process.processTicksAndRejections (node:internal/process/task_queues:105:5)
[error] 
[error] Error: Failed to get Firebase project louver3dfinal. Please make sure the project exists and your account has permission to access it.
